No config path provided, using default 'drizzle.config.ts'
Reading config file 'C:\Users\User\Documents\PRECIOSO\Sites\GitHub\myduolingo\drizzle.config.ts'
[dotenv@17.2.3] injecting env (0) from .env.local -- tip: ⚙️  override existing env vars with { override: true }
Using 'postgres' driver for database querying
[⣷] Pulling schema from database...
[2K[1G[⣯] Pulling schema from database...
[2K[1G[⣟] Pulling schema from database...
[2K[1G[⡿] Pulling schema from database...
[2K[1G[⢿] Pulling schema from database...
[2K[1G[⣻] Pulling schema from database...
[2K[1G[⣽] Pulling schema from database...
[2K[1G[⣷] Pulling schema from database...
[2K[1G[⣯] Pulling schema from database...
[2K[1G[⣟] Pulling schema from database...
[2K[1G[⡿] Pulling schema from database...
[2K[1G[⢿] Pulling schema from database...
[2K[1G[⣻] Pulling schema from database...
[2K[1G[⣽] Pulling schema from database...
[2K[1G[⣷] Pulling schema from database...
[2K[1G[⣯] Pulling schema from database...
[2K[1G[⣟] Pulling schema from database...
[2K[1G[⡿] Pulling schema from database...
[2K[1G[⢿] Pulling schema from database...
[2K[1G[⣻] Pulling schema from database...
[2K[1G[⣽] Pulling schema from database...
[2K[1G[⣷] Pulling schema from database...
[2K[1G[⣯] Pulling schema from database...
[2K[1G[⣟] Pulling schema from database...
C:\Users\User\Documents\PRECIOSO\Sites\GitHub\myduolingo\node_modules\drizzle-kit\bin.cjs:19578
              checkValue = checkValue.replace(/^CHECK\s*\(\(/, "").replace(/\)\)\s*$/, "");
                                      ^

TypeError: Cannot read properties of undefined (reading 'replace')
    at C:\Users\User\Documents\PRECIOSO\Sites\GitHub\myduolingo\node_modules\drizzle-kit\bin.cjs:19578:39
    at process.processTicksAndRejections (node:internal/process/task_queues:105:5)

Node.js v22.19.0
